start
0
1
2
3
4
5
(array([0]), array([0]), array([85]))
6
7
8
9
0
1
2
3
4
5
(array([0]), array([0]), array([135]))
6
7
8
9
0
1
2
3
4
5
(array([0]), array([0]), array([171]))
6
7
8
9
0
1
2
3
4
5
(array([0]), array([1]), array([38]))
6
7
8
9
0
1
2
3
4
5
(array([0]), array([1]), array([71]))
6
7
8
9
0
1
2
3
4
5
(array([0]), array([1]), array([98]))
6
7
8
9
0
1
2
3
4
5
(array([0]), array([1]), array([124]))
6
7
8
9
0
1
2
3
4
5
(array([0]), array([2]), array([113]))
6
(array([3118]), array([88]), array([96]))
7
8
9
0
1
2
3
4
5
(array([0]), array([2]), array([222]))
6
7
8
9
0
1
2
3
4
5
(array([0]), array([3]), array([186]))
6
(array([1929]), array([56]), array([178]))
7
8
9
0
1
2
3
4
5
(array([0]), array([4]), array([18]))
6
7
8
9
0
1
2
3
4
5
(array([0]), array([4]), array([58]))
6
7
8
9
0
1
2
3
4
5
(array([0]), array([4]), array([212]))
6
7
8
9
0
1
2
3
4
5
(array([0]), array([5]), array([175]))
6
7
8
9
(array([2]), array([103]), array([160]))
0
1
2
3
4
5
(array([0]), array([5]), array([194]))
6
7
8
9
0
1
(array([1]), array([205]), array([213]))
2
3
4
5
(array([0]), array([5]), array([208]))
6
7
8
9
0
1
2
3
4
5
(array([0]), array([6]), array([75]))
6
7
8
9
0
1
2
3
4
5
(array([0]), array([6]), array([104]))
6
7
8
9
0
1
2
3
4
5
(array([0]), array([6]), array([143]))
6
7
8
9
0
1
2
3
4
5
(array([0]), array([7]), array([51]))
6
7
(array([269]), array([218]), array([6]))
8
9
0
1
2
3
4
(array([1663]), array([9]), array([210]))
5
(array([0]), array([7]), array([106]))
6
7
8
9
0
1
2
3
4
5
(array([0]), array([8]), array([42]))
6
7
8
9
0
1
2
(array([1976, 2965]), array([48, 10]), array([27, 80]))
3
4
5
(array([0]), array([8]), array([58]))
6
7
8
9
0
1
2
3
4
5
(array([0]), array([8]), array([70]))
6
7
8
9
0
1
2
3
4
5
(array([0]), array([8]), array([121]))
6
7
8
9
0
1
2
3
4
5
(array([0]), array([8]), array([168]))
6
7
8
9
0
1
2
3
4
5
(array([0]), array([8]), array([191]))
6
7
8
9
0
1
2
3
4
5
(array([0]), array([9]), array([25]))
6
7
8
9
0
1
2
3
4
5
(array([0]), array([9]), array([84]))
6
7
8
9
0
1
2
3
4
5
(array([0]), array([9]), array([147]))
6
7
8
9
0
1
2
3
4
5
(array([0]), array([9]), array([179]))
6
7
8
9
0
1
2
3
4
5
(array([0]), array([9]), array([182]))
6
7
8
9
0
(array([1784]), array([62]), array([9]))
1
2
3
4
5
(array([0]), array([9]), array([221]))
6
7
8
9
0
1
2
3
(array([2621]), array([7]), array([217]))
4
5
(array([   0, 1832]), array([10, 14]), array([23, 25]))
6
7
8
9
0
1
2
3
4
(array([2642]), array([178]), array([181]))
5
(array([0]), array([10]), array([93]))
6
7
8
9
0
1
2
3
4
5
(array([0]), array([10]), array([102]))
6
7
8
9
0
1
2
3
4
5
(array([0]), array([10]), array([212]))
6
7
8
9
0
1
2
3
4
5
(array([0]), array([11]), array([15]))
6
7
8
9
0
1
(array([3618]), array([204]), array([110]))
2
3
(array([3533]), array([21]), array([114]))
4
5
(array([0]), array([11]), array([208]))
6
7
(array([3031]), array([41]), array([15]))
8
9
0
(array([3085]), array([202]), array([44]))
1
2
3
4
5
(array([0]), array([12]), array([5]))
6
7
8
9
0
1
2
3
4
5
(array([0]), array([12]), array([51]))
6
7
8
9
0
1
2
3
4
5
(array([0]), array([12]), array([67]))
6
7
8
9
0
1
2
3
4
5
(array([0]), array([12]), array([167]))
6
7
8
9
0
1
2
3
4
5
(array([0]), array([13]), array([11]))
6
7
(array([3056]), array([94]), array([130]))
8
9
0
1
2
3
4
5
(array([0]), array([13]), array([76]))
6
7
8
9
0
1
2
3
4
5
(array([0]), array([13]), array([139]))
6
7
8
9
0
1
2
3
4
(array([2343]), array([1]), array([98]))
5
(array([0]), array([14]), array([2]))
6
7
8
9
0
1
2
3
4
5
(array([0]), array([14]), array([21]))
6
7
8
9
0
1
2
3
4
5
(array([0]), array([14]), array([204]))
6
7
8
9
0
1
2
3
4
5
(array([0]), array([15]), array([51]))
6
7
8
9
0
1
2
3
4
5
(array([0]), array([15]), array([70]))
6
7
8
9
0
1
2
3
4
5
(array([0]), array([15]), array([131]))
6
7
8
9
0
1
2
3
4
5
(array([0]), array([15]), array([147]))
6
7
8
9
0
1
2
3
4
5
(array([0]), array([15]), array([214]))
6
7
8
9
0
1
(array([3411]), array([176]), array([43]))
2
3
4
5
(array([0]), array([16]), array([38]))
6
7
(array([2195]), array([38]), array([28]))
8
(array([966]), array([18]), array([99]))
9
0
1
2
3
4
5
(array([0]), array([16]), array([85]))
6
7
8
9
0
1
2
3
4
5
(array([0]), array([16]), array([117]))
6
7
8
9
0
1
2
3
4
5
(array([0]), array([16]), array([175]))
6
7
8
9
0
1
2
3
4
5
(array([0]), array([17]), array([26]))
6
7
8
9
0
1
2
3
4
5
(array([0]), array([17]), array([61]))
6
7
8
9
0
1
2
3
4
5
(array([0]), array([17]), array([197]))
6
7
8
9
0
1
2
(array([1464, 3453]), array([ 73, 184]), array([118,  59]))
3
4
5
(array([0]), array([17]), array([206]))
6
7
8
9
0
1
2
3
4
5
(array([0]), array([18]), array([14]))
6
7
8
9
0
1
2
3
4
5
(array([0]), array([18]), array([64]))
6
7
8
9
0
1
2
3
4
5
(array([   0, 3712]), array([18, 68]), array([100, 189]))
6
7
8
9
0
1
2
3
4
5
(array([0]), array([18]), array([152]))
6
7
8
9
0
1
2
3
4
5
(array([0]), array([18]), array([222]))
6
7
8
9
0
1
2
3
4
5
(array([0]), array([19]), array([77]))
6
(array([3254]), array([208]), array([62]))
7
8
9
0
(array([1186]), array([153]), array([188]))
1
2
3
4
5
(array([   0,  464, 1226]), array([ 19,  53, 167]), array([180,  93, 153]))
6
7
8
9
0
1
2
3
4
5
(array([0]), array([19]), array([191]))
6
(array([2414]), array([38]), array([153]))
7
8
9
0
(array([283]), array([127]), array([183]))
1
2
3
4
5
(array([0]), array([20]), array([20]))
6
7
8
9
0
1
2
3
4
5
(array([0]), array([20]), array([177]))
6
7
8
9
0
1
2
3
4
5
(array([0]), array([21]), array([89]))
6
7
8
9
0
1
2
3
(array([1837, 2981]), array([ 27, 202]), array([194, 143]))
4
(array([3324]), array([216]), array([54]))
5
(array([0]), array([21]), array([222]))
6
7
8
9
0
1
2
3
4
5
(array([0]), array([22]), array([29]))
6
(array([1361]), array([136]), array([210]))
7
8
9
0
1
2
3
4
5
(array([0]), array([22]), array([65]))
6
7
8
9
0
1
2
3
4
5
(array([0]), array([22]), array([72]))
6
7
8
9
0
1
2
3
4
5
(array([0]), array([22]), array([170]))
6
7
8
9
0
1
2
3
4
5
(array([0]), array([24]), array([10]))
6
(array([220]), array([203]), array([35]))
7
8
9
0
1
2
3
4
5
(array([0]), array([24]), array([120]))
6
7
8
9
0
1
2
(array([1807]), array([133]), array([26]))
3
4
5
(array([0]), array([24]), array([130]))
6
7
8
9
0
1
2
3
4
5
(array([0]), array([24]), array([201]))
6
7
8
9
0
1
2
3
(array([3748]), array([212]), array([196]))
4
5
(array([0]), array([24]), array([206]))
6
7
8
9
0
1
2
3
4
5
(array([0]), array([25]), array([15]))
6
7
8
9
0
1
2
3
4
5
(array([0]), array([25]), array([67]))
6
7
8
9
0
1
2
3
4
5
(array([0]), array([25]), array([98]))
6
7
(array([863]), array([218]), array([90]))
8
(array([418]), array([132]), array([220]))
9
0
1
2
3
4
5
(array([0]), array([25]), array([160]))
6
7
8
9
0
1
2
3
4
5
(array([0]), array([25]), array([169]))
6
(array([2272]), array([221]), array([166]))
7
8
9
0
1
2
3
4
5
(array([0]), array([25]), array([198]))
6
7
8
9
0
1
2
3
4
5
(array([0]), array([26]), array([8]))
6
7
8
9
0
1
2
3
4
5
(array([0]), array([26]), array([28]))
6
7
8
9
0
1
2
3
4
5
(array([0]), array([26]), array([34]))
6
7
8
9
0
1
2
3
4
5
(array([0]), array([26]), array([43]))
6
7
8
9
0
1
2
3
4
5
(array([0]), array([26]), array([58]))
6
7
8
9
0
1
(array([2667]), array([190]), array([82]))
2
3
4
5
(array([0]), array([26]), array([102]))
6
7
8
9
0
1
2
3
4
5
(array([0]), array([26]), array([190]))
6
7
8
9
0
1
2
3
4
5
(array([0]), array([28]), array([110]))
6
(array([1438]), array([6]), array([101]))
7
8
9
0
1
2
3
4
5
(array([0]), array([28]), array([181]))
6
7
8
9
0
(array([2246]), array([160]), array([101]))
1
2
3
4
5
(array([0]), array([28]), array([222]))
6
7
8
9
0
1
2
3
4
5
(array([0]), array([29]), array([17]))
6
7
8
9
0
1
2
3
4
5
(array([0]), array([29]), array([50]))
6
(array([2309]), array([144]), array([168]))
7
8
9
0
1
2
3
4
5
(array([0]), array([29]), array([69]))
6
7
8
9
0
1
2
3
4
(array([1838]), array([214]), array([30]))
5
(array([0]), array([30]), array([19]))
6
7
8
9
0
1
2
3
4
5
(array([0]), array([31]), array([98]))
6
7
8
9
0
1
2
3
4
5
(array([0]), array([31]), array([209]))
6
7
8
9
0
1
2
3
4
5
(array([0]), array([33]), array([6]))
6
7
8
9
0
1
2
3
4
(array([3725]), array([184]), array([192]))
5
(array([0]), array([33]), array([38]))
6
7
(array([3124]), array([17]), array([145]))
8
9
0
1
2
3
4
5
(array([   0, 3725]), array([33, 33]), array([179,  36]))
6
7
8
9
0
1
2
3
4
5
(array([0]), array([34]), array([12]))
6
7
8
9
0
1
2
3
4
5
(array([0]), array([34]), array([96]))
6
7
8
9
0
1
2
3
4
5
(array([0]), array([34]), array([178]))
6
7
8
9
0
1
2
3
4
5
(array([0]), array([35]), array([43]))
6
7
8
9
0
1
2
3
4
5
(array([0]), array([35]), array([157]))
6
7
8
9
0
(array([2715]), array([26]), array([7]))
1
2
3
4
(array([3246]), array([105]), array([204]))
5
(array([   0, 3975]), array([36, 20]), array([100,  31]))
6
7
8
9
0
1
2
3
4
5
(array([0]), array([37]), array([168]))
6
7
8
9
0
1
2
3
4
5
(array([0]), array([37]), array([185]))
6
7
8
9
0
1
2
3
4
5
(array([0]), array([38]), array([81]))
6
7
8
9
0
1
2
3
4
5
(array([0]), array([38]), array([190]))
6
7
8
9
0
1
2
3
4
5
(array([0]), array([39]), array([2]))
6
7
8
9
0
1
2
3
4
(array([3106]), array([207]), array([7]))
5
(array([0]), array([39]), array([16]))
6
7
8
9
0
1
2
3
4
5
(array([0]), array([40]), array([203]))
6
7
8
9
0
1
2
3
4
5
(array([0]), array([41]), array([90]))
6
7
8
9
0
1
2
3
4
5
(array([0]), array([41]), array([189]))
6
7
8
9
0
1
2
3
4
5
(array([0]), array([42]), array([137]))
6
7
8
9
0
1
2
3
4
5
(array([0]), array([42]), array([149]))
6
7
8
9
0
1
2
3
4
5
(array([   0, 3243]), array([ 42, 193]), array([180, 211]))
6
7
8
9
0
1
2
3
4
5
(array([0]), array([42]), array([193]))
6
7
8
9
0
1
2
3
4
5
(array([0]), array([42]), array([219]))
6
7
8
9
0
1
2
3
4
5
(array([   0, 3722]), array([ 43, 186]), array([ 87, 166]))
6
7
8
9
0
1
2
3
4
5
(array([0]), array([44]), array([31]))
6
7
8
9
0
1
2
3
4
5
(array([0]), array([44]), array([189]))
6
7
8
9
0
1
(array([2399]), array([49]), array([115]))
2
3
4
5
(array([0]), array([45]), array([2]))
6
7
8
9
0
1
2
3
4
5
(array([   0, 2233]), array([45, 83]), array([  3, 169]))
6
7
8
9
0
1
(array([1250]), array([5]), array([124]))
2
3
4
5
(array([0]), array([46]), array([165]))
6
7
8
9
0
1
2
(array([3357]), array([73]), array([148]))
3
(array([2496]), array([213]), array([179]))
4
5
(array([0]), array([46]), array([180]))
6
7
8
9
0
1
2
3
4
5
(array([0]), array([47]), array([0]))
6
7
8
9
0
1
2
3
4
5
(array([0]), array([47]), array([25]))
6
7
8
9
0
1
(array([2773]), array([26]), array([40]))
2
(array([3340]), array([44]), array([55]))
3
4
5
(array([0]), array([47]), array([55]))
6
7
8
9
0
1
(array([1645]), array([19]), array([140]))
2
3
4
5
(array([0]), array([47]), array([189]))
6
7
8
9
0
1
2
3
4
5
(array([0]), array([48]), array([40]))
6
7
8
9
0
1
2
3
4
5
(array([0]), array([48]), array([79]))
6
7
8
(array([673]), array([92]), array([194]))
9
0
1
2
3
4
5
(array([0]), array([48]), array([128]))
6
7
8
9
0
1
2
3
4
5
(array([0]), array([49]), array([100]))
6
7
8
9
0
1
2
3
4
5
(array([0]), array([49]), array([214]))
6
7
8
9
0
1
2
3
4
5
(array([0]), array([50]), array([175]))
6
7
8
9
0
1
2
3
4
5
(array([0]), array([51]), array([141]))
6
7
8
9
0
1
2
3
4
5
(array([  0, 199]), array([51, 97]), array([150, 128]))
6
7
8
9
0
1
2
3
4
5
(array([0]), array([52]), array([32]))
6
7
8
9
0
1
2
3
4
5
(array([0]), array([52]), array([92]))
6
7
8
9
0
1
2
3
4
5
(array([0]), array([53]), array([107]))
6
7
8
9
0
1
2
3
4
5
(array([0]), array([54]), array([161]))
6
7
8
9
0
1
2
3
4
5
(array([0]), array([55]), array([60]))
6
7
(array([4060]), array([216]), array([28]))
8
9
0
1
2
3
4
5
(array([0]), array([56]), array([165]))
6
7
8
9
0
1
(array([2873]), array([172]), array([11]))
2
3
4
5
(array([0]), array([58]), array([65]))
6
7
8
9
0
1
2
3
4
5
(array([0]), array([58]), array([155]))
6
7
8
9
0
1
2
3
4
5
(array([   0, 2018]), array([58, 86]), array([167, 134]))
6
7
8
9
0
1
2
3
4
5
(array([0]), array([59]), array([69]))
6
7
8
9
0
1
2
3
4
(array([2890]), array([200]), array([121]))
5
(array([0]), array([59]), array([115]))
6
7
8
(array([2543]), array([219]), array([67]))
9
0
1
2
3
4
5
(array([0]), array([60]), array([38]))
6
7
8
9
0
1
2
3
4
5
(array([0]), array([60]), array([88]))
6
7
8
9
0
1
2
3
4
5
(array([0]), array([60]), array([158]))
6
7
8
9
0
1
2
3
(array([65]), array([148]), array([38]))
4
5
(array([0]), array([61]), array([36]))
6
7
8
9
0
1
2
3
4
5
(array([0]), array([61]), array([116]))
6
7
8
9
0
1
2
3
4
5
(array([0]), array([61]), array([143]))
6
(array([859]), array([15]), array([202]))
7
8
9
0
1
2
3
4
(array([1452]), array([137]), array([39]))
5
(array([0]), array([64]), array([176]))
6
7
8
9
0
1
2
3
4
(array([3247]), array([213]), array([201]))
5
(array([0]), array([65]), array([79]))
6
7
8
9
0
1
2
3
4
5
(array([0]), array([70]), array([61]))
6
7
8
9
0
1
2
3
4
5
(array([0]), array([72]), array([65]))
6
7
8
9
0
1
2
3
4
5
(array([0]), array([73]), array([174]))
6
7
8
9
0
1
2
3
4
5
(array([0]), array([75]), array([95]))
6
7
8
9
0
1
2
3
4
5
(array([0]), array([76]), array([98]))
6
7
8
9
0
1
2
3
4
5
(array([0]), array([78]), array([186]))
6
7
8
9
0
1
2
(array([3259]), array([183]), array([84]))
3
4
5
(array([0]), array([81]), array([21]))
6
7
8
9
0
1
2
(array([2017]), array([60]), array([165]))
3
4
5
(array([0]), array([81]), array([38]))
6
7
8
9
0
1
2
3
4
5
(array([0]), array([81]), array([105]))
6
7
8
9
0
1
2
3
4
5
(array([   0, 3760]), array([81,  4]), array([190,  44]))
6
7
8
(array([1974]), array([195]), array([146]))
9
0
1
2
3
4
5
(array([0]), array([83]), array([16]))
6
7
8
9
0
1
2
3
4
5
(array([0]), array([83]), array([70]))
6
7
8
9
0
1
2
3
4
5
(array([0]), array([83]), array([73]))
6
7
8
9
0
1
2
3
4
5
(array([0]), array([84]), array([180]))
6
7
8
9
0
1
(array([3986]), array([197]), array([38]))
2
3
4
5
(array([0]), array([87]), array([108]))
6
7
8
9
0
1
2
3
4
5
(array([0]), array([88]), array([21]))
6
7
8
(array([2043]), array([40]), array([206]))
9
0
1
2
3
4
5
(array([0]), array([88]), array([183]))
6
7
8
9
0
1
2
3
(array([1965]), array([29]), array([111]))
4
5
(array([0]), array([93]), array([23]))
6
7
8
9
0
1
2
3
4
5
(array([0]), array([94]), array([174]))
6
7
8
9
0
(array([2527]), array([188]), array([40]))
1
2
3
4
5
(array([0]), array([95]), array([156]))
6
7
8
9
0
(array([3103]), array([219]), array([23]))
1
2
3
4
5
(array([0]), array([95]), array([166]))
6
7
8
9
0
(array([3877]), array([195]), array([152]))
1
2
3
4
5
(array([0]), array([95]), array([188]))
6
7
8
9
0
1
2
3
4
5
(array([0]), array([97]), array([71]))
6
7
8
9
0
1
2
3
4
5
(array([0]), array([101]), array([182]))
6
7
8
(array([1277]), array([164]), array([144]))
9
0
1
2
3
4
5
(array([0]), array([103]), array([100]))
6
7
(array([3165, 4093]), array([144,   1]), array([221, 133]))
8
9
0
(array([406]), array([207]), array([121]))
1
2
3
4
5
(array([0]), array([103]), array([191]))
6
7
8
9
0
1
2
3
4
5
(array([0]), array([105]), array([70]))
6
7
8
9
0
1
2
3
4
5
(array([0]), array([108]), array([188]))
6
7
8
9
0
1
2
3
4
5
(array([0]), array([109]), array([70]))
6
7
(array([3885]), array([15]), array([98]))
8
9
0
1
2
3
4
5
(array([0]), array([109]), array([105]))
6
7
8
9
(array([55]), array([13]), array([184]))
0
1
2
3
4
5
(array([0]), array([110]), array([73]))
6
7
8
9
0
1
2
3
4
5
(array([0]), array([114]), array([82]))
6
7
8
9
0
1
2
3
(array([820]), array([31]), array([118]))
4
5
(array([0]), array([114]), array([89]))
6
7
(array([1970]), array([159]), array([217]))
8
9
0
1
2
3
4
5
(array([0]), array([115]), array([29]))
6
(array([564]), array([59]), array([21]))
7
8
9
0
1
2
3
4
5
(array([0]), array([115]), array([75]))
6
7
8
9
0
1
2
3
4
5
(array([0]), array([115]), array([78]))
6
7
8
9
0
1
2
3
4
5
(array([0]), array([116]), array([74]))
6
7
8
9
0
1
2
3
4
5
(array([0]), array([117]), array([72]))
6
7
8
9
0
1
2
3
4
5
(array([0]), array([118]), array([79]))
6
7
8
9
0
1
2
3
4
5
(array([0]), array([119]), array([82]))
6
7
8
9
0
1
2
3
4
5
(array([0]), array([131]), array([117]))
6
7
8
9
0
1
2
3
4
5
(array([0]), array([131]), array([195]))
6
7
8
9
0
1
2
3
4
5
(array([0]), array([132]), array([97]))
6
7
8
9
0
1
2
3
4
5
(array([0]), array([132]), array([108]))
6
7
8
9
0
1
2
3
4
5
(array([0]), array([136]), array([100]))
6
7
8
9
0
1
2
3
4
5
(array([0]), array([136]), array([114]))
6
7
8
9
0
1
2
3
4
5
(array([0]), array([136]), array([205]))
6
7
8
9
0
1
2
3
4
5
(array([0]), array([138]), array([109]))
6
7
8
9
0
1
2
3
4
5
(array([0]), array([138]), array([180]))
6
7
8
9
0
1
2
3
4
5
(array([0]), array([138]), array([195]))
6
7
8
9
0
1
2
3
4
5
(array([0]), array([138]), array([196]))
6
7
8
9
0
1
2
3
4
5
(array([0]), array([139]), array([70]))
6
7
8
9
0
1
2
3
4
5
(array([0]), array([139]), array([101]))
6
7
8
9
0
1
2
3
4
(array([435]), array([219]), array([95]))
5
(array([0]), array([139]), array([184]))
6
7
8
9
0
1
2
3
4
5
(array([0]), array([140]), array([195]))
6
7
8
9
0
1
2
3
4
5
(array([0]), array([141]), array([91]))
6
7
8
9
0
1
2
3
4
5
(array([0]), array([141]), array([117]))
6
7
8
9
0
1
2
3
4
5
(array([0]), array([142]), array([119]))
6
7
(array([1662]), array([79]), array([29]))
8
9
0
1
2
3
4
5
(array([0]), array([143]), array([204]))
6
(array([2441]), array([198]), array([122]))
7
8
9
0
1
2
(array([3318]), array([216]), array([93]))
3
4
5
(array([0]), array([144]), array([159]))
6
7
8
9
0
1
2
3
4
5
(array([0]), array([144]), array([189]))
6
7
(array([2614]), array([116]), array([185]))
8
9
0
1
2
3
4
5
(array([0]), array([144]), array([196]))
6
7
8
9
0
1
2
3
4
(array([1061]), array([144]), array([89]))
5
(array([0]), array([144]), array([207]))
6
(array([1696]), array([76]), array([12]))
7
8
9
0
1
2
3
4
5
(array([0]), array([145]), array([52]))
6
7
8
9
0
1
2
3
4
5
(array([0]), array([145]), array([194]))
6
7
8
9
0
1
2
(array([2438]), array([68]), array([134]))
3
4
5
(array([0]), array([146]), array([191]))
6
(array([1276]), array([6]), array([11]))
7
8
9
0
1
2
3
4
5
(array([0]), array([147]), array([199]))
6
7
8
9
0
1
2
3
4
5
(array([0]), array([148]), array([191]))
6
7
8
9
0
1
2
(array([1234]), array([169]), array([120]))
3
4
5
(array([0]), array([150]), array([196]))
6
7
8
9
0
1
2
3
4
5
(array([0]), array([155]), array([46]))
6
7
8
9
0
1
2
3
4
5
(array([0]), array([159]), array([81]))
6
7
8
9
0
1
2
3
4
5
(array([0]), array([159]), array([186]))
6
7
8
9
0
1
2
3
4
5
(array([0]), array([161]), array([134]))
6
7
8
9
0
1
2
3
4
5
(array([0]), array([161]), array([218]))
6
7
8
9
0
1
2
3
4
5
(array([   0, 2380]), array([165,  39]), array([219, 105]))
6
7
8
9
0
1
2
3
4
5
(array([0]), array([167]), array([160]))
6
7
8
9
0
1
2
3
(array([121]), array([44]), array([214]))
4
5
(array([0]), array([170]), array([87]))
6
7
8
9
0
1
2
3
4
5
(array([0]), array([172]), array([175]))
6
7
8
9
0
1
2
3
4
5
(array([0]), array([173]), array([8]))
6
(array([1538]), array([6]), array([76]))
7
8
9
0
1
2
3
4
5
(array([0]), array([173]), array([107]))
6
7
8
9
0
1
2
3
4
5
(array([0]), array([173]), array([124]))
6
7
8
9
0
1
2
3
4
5
(array([0]), array([174]), array([131]))
6
7
8
9
0
1
2
3
4
5
(array([0]), array([174]), array([219]))
6
7
8
9
0
1
2
3
4
(array([1138]), array([66]), array([201]))
5
(array([0]), array([176]), array([117]))
6
7
8
9
0
1
2
3
4
5
(array([0]), array([177]), array([33]))
6
7
8
9
0
1
2
3
4
5
(array([0]), array([179]), array([207]))
6
7
8
9
0
1
2
3
4
5
(array([0]), array([180]), array([84]))
6
7
8
9
0
1
2
3
4
5
(array([0]), array([182]), array([93]))
6
7
8
9
0
1
2
3
4
5
(array([0]), array([183]), array([47]))
6
7
8
9
0
1
2
3
4
5
(array([0]), array([183]), array([68]))
6
7
8
9
0
(array([438]), array([4]), array([207]))
1
2
3
4
5
(array([0]), array([184]), array([21]))
6
7
8
9
0
1
2
3
4
5
(array([0]), array([185]), array([192]))
6
7
8
9
0
1
(array([2771]), array([88]), array([107]))
2
3
4
5
(array([0]), array([186]), array([8]))
6
7
8
9
0
1
2
3
4
5
(array([0]), array([187]), array([97]))
6
7
8
9
0
1
2
3
4
5
(array([0]), array([188]), array([2]))
6
7
8
9
0
1
2
3
4
5
(array([0]), array([188]), array([64]))
6
7
8
9
0
1
(array([99]), array([184]), array([14]))
2
3
4
5
(array([0]), array([189]), array([20]))
6
7
8
9
0
1
2
3
4
5
(array([0]), array([190]), array([184]))
6
7
8
9
0
1
2
3
4
5
(array([0]), array([191]), array([25]))
6
7
8
9
0
1
2
3
4
5
(array([0]), array([191]), array([71]))
6
7
8
9
0
1
2
3
4
5
(array([0]), array([191]), array([203]))
6
7
8
9
0
1
2
3
4
5
(array([0]), array([191]), array([223]))
6
7
8
9
0
1
2
3
4
5
(array([0]), array([192]), array([105]))
6
7
8
9
0
1
2
3
4
5
(array([0]), array([192]), array([166]))
6
7
8
9
0
1
2
3
4
5
(array([0]), array([193]), array([57]))
6
7
8
9
0
1
(array([2755]), array([183]), array([130]))
2
3
4
5
(array([  0, 583]), array([194, 203]), array([ 55, 144]))
6
7
8
9
0
1
2
3
4
5
(array([0]), array([194]), array([97]))
6
7
8
9
0
1
2
3
4
5
(array([0]), array([194]), array([173]))
6
7
8
9
0
1
2
3
4
5
(array([   0, 1640]), array([194, 166]), array([202,  66]))
6
7
8
9
0
1
2
3
4
5
(array([0]), array([195]), array([13]))
6
7
8
9
0
1
2
3
4
5
(array([0]), array([198]), array([69]))
6
7
8
9
0
1
2
3
4
5
(array([0]), array([199]), array([53]))
6
7
8
9
0
1
2
3
4
5
(array([0]), array([199]), array([104]))
6
7
8
9
0
1
2
3
4
5
(array([0]), array([199]), array([182]))
6
7
8
9
0
1
2
3
4
5
(array([0]), array([201]), array([32]))
6
7
8
9
0
1
2
3
4
5
(array([   0, 3386]), array([201, 175]), array([153,   2]))
6
7
8
9
0
1
2
3
4
5
(array([0]), array([201]), array([207]))
6
7
(array([815]), array([74]), array([150]))
8
9
0
1
2
3
4
5
(array([0]), array([202]), array([17]))
6
7
(array([3384]), array([45]), array([222]))
8
9
0
1
2
3
4
(array([4076]), array([65]), array([163]))
5
(array([0]), array([203]), array([61]))
6
7
8
9
0
1
2
3
4
5
(array([   0, 3278]), array([203,  25]), array([103, 105]))
6
7
8
9
0
1
2
3
4
5
(array([0]), array([203]), array([156]))
6
7
8
9
0
1
2
3
4
5
(array([0]), array([203]), array([221]))
6
7
8
9
0
1
2
3
4
5
(array([0]), array([204]), array([7]))
6
7
8
9
0
1
2
3
4
5
(array([0]), array([204]), array([148]))
6
7
8
9
0
1
2
3
4
5
(array([0]), array([204]), array([166]))
6
7
8
9
0
1
2
3
4
5
(array([0]), array([204]), array([208]))
6
7
8
9
0
1
(array([3894]), array([185]), array([34]))
2
3
(array([3220]), array([111]), array([60]))
4
5
(array([0]), array([206]), array([91]))
6
7
8
9
0
(array([2844]), array([218]), array([99]))
1
2
3
4
5
(array([0]), array([207]), array([27]))
6
7
8
9
0
1
(array([3903]), array([200]), array([16]))
2
3
4
5
(array([0]), array([208]), array([66]))
6
7
8
9
0
1
2
3
4
5
(array([0]), array([208]), array([82]))
6
7
8
9
0
1
2
3
4
5
(array([0]), array([208]), array([124]))
6
7
8
9
0
1
2
3
4
5
(array([0]), array([208]), array([135]))
6
7
8
9
0
1
2
3
4
5
(array([0]), array([209]), array([80]))
6
7
8
9
0
1
2
3
4
5
(array([0]), array([209]), array([143]))
6
7
8
9
0
1
2
3
4
5
(array([0]), array([210]), array([161]))
6
7
8
9
0
1
2
3
4
5
(array([0]), array([210]), array([186]))
6
7
8
9
0
1
2
(array([3513]), array([164]), array([189]))
3
4
(array([1603]), array([5]), array([174]))
5
(array([0]), array([210]), array([202]))
6
7
8
9
0
(array([3460]), array([10]), array([187]))
1
2
3
4
5
(array([0]), array([211]), array([102]))
6
(array([435]), array([111]), array([93]))
7
8
9
0
1
2
3
4
5
(array([0]), array([211]), array([124]))
6
7
8
9
0
1
2
(array([2297]), array([214]), array([89]))
3
4
5
(array([0]), array([212]), array([28]))
6
7
8
9
0
1
2
3
4
5
(array([   0, 2983]), array([212,  92]), array([190, 222]))
6
7
8
9
0
1
2
3
4
5
(array([0]), array([212]), array([195]))
6
(array([1625]), array([33]), array([32]))
7
8
9
0
1
2
3
4
5
(array([0]), array([215]), array([5]))
6
7
8
9
0
1
2
3
(array([519]), array([21]), array([51]))
4
5
(array([0]), array([215]), array([11]))
6
7
8
9
0
1
2
3
4
5
(array([0]), array([215]), array([24]))
6
7
8
9
0
1
2
3
4
5
(array([0]), array([215]), array([154]))
6
7
8
9
0
1
2
3
4
5
(array([0]), array([218]), array([79]))
6
7
8
9
0
(array([656]), array([130]), array([65]))
1
2
3
4
5
(array([   0, 3825]), array([218, 223]), array([109, 132]))
6
7
8
9
0
1
2
3
4
5
(array([   0, 2714]), array([218, 138]), array([182,  81]))
6
7
8
9
0
1
2
3
4
5
(array([0]), array([219]), array([26]))
6
7
8
9
0
1
(array([310]), array([59]), array([201]))
2
3
4
5
(array([0]), array([220]), array([50]))
6
7
8
9
0
(array([156]), array([29]), array([32]))
1
2
3
4
5
(array([0]), array([220]), array([202]))
6
7
8
9
0
1
2
3
4
5
(array([0]), array([221]), array([9]))
6
7
8
9
0
1
2
3
4
5
(array([0]), array([221]), array([60]))
6
7
(array([1223]), array([212]), array([217]))
8
9
0
1
2
3
4
5
(array([0]), array([221]), array([92]))
6
7
8
9
0
1
2
3
4
5
(array([0]), array([221]), array([118]))
6
7
8
9
0
1
2
3
(array([1564]), array([26]), array([148]))
4
5
(array([  0, 321]), array([221,   7]), array([142,  10]))
6
7
8
9
0
1
2
3
4
5
(array([0]), array([221]), array([154]))
6
7
8
9
0
1
2
3
4
5
(array([   0, 2721]), array([222,  66]), array([ 15, 192]))
6
7
(array([2500]), array([216]), array([60]))
8
9
0
1
2
(array([3445]), array([88]), array([5]))
3
4
5
(array([0]), array([222]), array([101]))
6
7
8
9
0
1
2
3
4
5
(array([0]), array([222]), array([175]))
6
7
8
9
0
1
2
3
4
5
(array([0]), array([223]), array([70]))
6
7
8
9
0
1
(array([1218]), array([171]), array([43]))
2
3
4
5
(array([0]), array([223]), array([128]))
6
7
8
9
0
1
2
3
4
5
(array([0]), array([223]), array([167]))
6
7
8
9
0
1
2
3
4
5
(array([0]), array([223]), array([215]))
6
7
8
9
